[    0.000000] Initializing cgroup subsys cpuset
[    0.000000] Initializing cgroup subsys cpu
[    0.000000] Initializing cgroup subsys cpuacct
[    0.000000] Linux version 4.4.0-210-generic (buildd@lgw01-amd64-009) (gcc version 5.4.0 20160609 (Ubuntu 5.4.0-6ubuntu1~16.04.12) ) #242-Ubuntu SMP Fri Apr 16 09:57:56 UTC 2021 (Ubuntu 4.4.0-210.242-generic 4.4.262)
[    0.000000] Command line: BOOT_IMAGE=/boot/vmlinuz-4.4.0-210-generic root=LABEL=cloudimg-rootfs ro console=tty1 console=ttyS0
[    0.000000] KERNEL supported cpus:
[    0.000000]   Intel GenuineIntel
[    0.000000]   AMD AuthenticAMD
[    0.000000]   Centaur CentaurHauls
[    0.000000] x86/fpu: Legacy x87 FPU detected.
[    0.000000] e820: BIOS-provided physical RAM map:
[    0.000000] BIOS-e820: [mem 0x0000000000000000-0x000000000009fbff] usable
[    0.000000] BIOS-e820: [mem 0x000000000009fc00-0x000000000009ffff] reserved
[    0.000000] BIOS-e820: [mem 0x00000000000f0000-0x00000000000fffff] reserved
[    0.000000] BIOS-e820: [mem 0x0000000000100000-0x000000003ffeffff] usable
[    0.000000] BIOS-e820: [mem 0x000000003fff0000-0x000000003fffffff] ACPI data
[    0.000000] BIOS-e820: [mem 0x00000000fec00000-0x00000000fec00fff] reserved
[    0.000000] BIOS-e820: [mem 0x00000000fee00000-0x00000000fee00fff] reserved
[    0.000000] BIOS-e820: [mem 0x00000000fffc0000-0x00000000ffffffff] reserved
[    0.000000] NX (Execute Disable) protection: active
[    0.000000] SMBIOS 2.5 present.
[    0.000000] Hypervisor detected: KVM
[    0.000000] Kernel/User page tables isolation: disabled
[    0.000000] e820: last_pfn = 0x3fff0 max_arch_pfn = 0x400000000
[    0.000000] MTRR: Disabled
[    0.000000] x86/PAT: MTRRs disabled, skipping PAT initialization too.
[    0.000000] CPU MTRRs all blank - virtualized system.
[    0.000000] x86/PAT: Configuration [0-7]: WB  WT  UC- UC  WB  WT  UC- UC  
[    0.000000] found SMP MP-table at [mem 0x0009fff0-0x0009ffff] mapped at [ffff88000009fff0]
[    0.000000] Scanning 1 areas for low memory corruption
[    0.000000] RAMDISK: [mem 0x362dc000-0x37165fff]
[    0.000000] ACPI: Early table checksum verification disabled
[    0.000000] ACPI: RSDP 0x00000000000E0000 000024 (v02 VBOX  )
[    0.000000] ACPI: XSDT 0x000000003FFF0030 00003C (v01 VBOX   VBOXXSDT 00000001 ASL  00000061)
[    0.000000] ACPI: FACP 0x000000003FFF00F0 0000F4 (v04 VBOX   VBOXFACP 00000001 ASL  00000061)
[    0.000000] ACPI: DSDT 0x000000003FFF0610 002353 (v02 VBOX   VBOXBIOS 00000002 INTL 20100528)
[    0.000000] ACPI: FACS 0x000000003FFF0200 000040
[    0.000000] ACPI: FACS 0x000000003FFF0200 000040
[    0.000000] ACPI: APIC 0x000000003FFF0240 00005C (v02 VBOX   VBOXAPIC 00000001 ASL  00000061)
[    0.000000] ACPI: SSDT 0x000000003FFF02A0 00036C (v01 VBOX   VBOXCPUT 00000002 INTL 20100528)
[    0.000000] No NUMA configuration found
[    0.000000] Faking a node at [mem 0x0000000000000000-0x000000003ffeffff]
[    0.000000] NODE_DATA(0) allocated [mem 0x3ffeb000-0x3ffeffff]
[    0.000000] kvm-clock: Using msrs 4b564d01 and 4b564d00
[    0.000000] kvm-clock: cpu 0, msr 0:3ffe3001, primary cpu clock
[    0.000000] kvm-clock: using sched offset of 4225943090 cycles
[    0.000000] clocksource: kvm-clock: mask: 0xffffffffffffffff max_cycles: 0x1cd42e4dffb, max_idle_ns: 881590591483 ns
[    0.000000] Zone ranges:
[    0.000000]   DMA      [mem 0x0000000000001000-0x0000000000ffffff]
[    0.000000]   DMA32    [mem 0x0000000001000000-0x000000003ffeffff]
[    0.000000]   Normal   empty
[    0.000000]   Device   empty
[    0.000000] Movable zone start for each node
[    0.000000] Early memory node ranges
[    0.000000]   node   0: [mem 0x0000000000001000-0x000000000009efff]
[    0.000000]   node   0: [mem 0x0000000000100000-0x000000003ffeffff]
[    0.000000] Initmem setup node 0 [mem 0x0000000000001000-0x000000003ffeffff]
[    0.000000] ACPI: PM-Timer IO Port: 0x4008
[    0.000000] IOAPIC[0]: apic_id 2, version 32, address 0xfec00000, GSI 0-23
[    0.000000] ACPI: INT_SRC_OVR (bus 0 bus_irq 0 global_irq 2 dfl dfl)
[    0.000000] ACPI: INT_SRC_OVR (bus 0 bus_irq 9 global_irq 9 low level)
[    0.000000] Using ACPI (MADT) for SMP configuration information
[    0.000000] smpboot: Allowing 2 CPUs, 0 hotplug CPUs
[    0.000000] PM: Registered nosave memory: [mem 0x00000000-0x00000fff]
[    0.000000] PM: Registered nosave memory: [mem 0x0009f000-0x0009ffff]
[    0.000000] PM: Registered nosave memory: [mem 0x000a0000-0x000effff]
[    0.000000] PM: Registered nosave memory: [mem 0x000f0000-0x000fffff]
[    0.000000] e820: [mem 0x40000000-0xfebfffff] available for PCI devices
[    0.000000] Booting paravirtualized kernel on KVM
[    0.000000] clocksource: refined-jiffies: mask: 0xffffffff max_cycles: 0xffffffff, max_idle_ns: 7645519600211568 ns
[    0.000000] setup_percpu: NR_CPUS:512 nr_cpumask_bits:512 nr_cpu_ids:2 nr_node_ids:1
[    0.000000] PERCPU: Embedded 33 pages/cpu @ffff88003fc00000 s95192 r8192 d31784 u1048576
[    0.000000] Built 1 zonelists in Node order, mobility grouping on.  Total pages: 257912
[    0.000000] Policy zone: DMA32
[    0.000000] Kernel command line: BOOT_IMAGE=/boot/vmlinuz-4.4.0-210-generic root=LABEL=cloudimg-rootfs ro console=tty1 console=ttyS0
[    0.000000] PID hash table entries: 4096 (order: 3, 32768 bytes)
[    0.000000] Memory: 997792K/1048120K available (8644K kernel code, 1332K rwdata, 4044K rodata, 1492K init, 1164K bss, 50328K reserved, 0K cma-reserved)
[    0.000000] SLUB: HWalign=64, Order=0-3, MinObjects=0, CPUs=2, Nodes=1
[    0.000000] Hierarchical RCU implementation.
[    0.000000] 	Build-time adjustment of leaf fanout to 64.
[    0.000000] 	RCU restricting CPUs from NR_CPUS=512 to nr_cpu_ids=2.
[    0.000000] RCU: Adjusting geometry for rcu_fanout_leaf=64, nr_cpu_ids=2
[    0.000000] NR_IRQS:33024 nr_irqs:440 16
[    0.000000] Console: colour VGA+ 80x25
[    0.000000] console [tty1] enabled
[    0.000000] console [ttyS0] enabled
[    0.000000] tsc: Detected 2419.198 MHz processor
[    0.969834] Calibrating delay loop (skipped) preset value.. 4838.39 BogoMIPS (lpj=9676792)
[    0.983651] pid_max: default: 32768 minimum: 301
[    0.990440] ACPI: Core revision 20150930
[    0.999872] ACPI: 2 ACPI AML tables successfully acquired and loaded
[    1.011975] Security Framework initialized
[    1.024295] Yama: becoming mindful.
[    1.035103] AppArmor: AppArmor initialized
[    1.048469] Dentry cache hash table entries: 131072 (order: 8, 1048576 bytes)
[    1.072028] Inode-cache hash table entries: 65536 (order: 7, 524288 bytes)
[    1.089191] Mount-cache hash table entries: 2048 (order: 2, 16384 bytes)
[    1.102636] Mountpoint-cache hash table entries: 2048 (order: 2, 16384 bytes)
[    1.119075] Initializing cgroup subsys io
[    1.124390] Initializing cgroup subsys memory
[    1.136026] Initializing cgroup subsys devices
[    1.145782] Initializing cgroup subsys freezer
[    1.151102] Initializing cgroup subsys net_cls
[    1.160451] Initializing cgroup subsys perf_event
[    1.170895] Initializing cgroup subsys net_prio
[    1.180603] Initializing cgroup subsys hugetlb
[    1.190493] Initializing cgroup subsys pids
[    1.206205] mce: CPU supports 0 MCE banks
[    1.213965] Last level iTLB entries: 4KB 0, 2MB 0, 4MB 0
[    1.222423] Last level dTLB entries: 4KB 0, 2MB 0, 4MB 0, 1GB 0
[    1.233787] Spectre V1 : Mitigation: usercopy/swapgs barriers and __user pointer sanitization
[    1.256182] Spectre V2 : Mitigation: Enhanced IBRS
[    1.264070] Spectre V2 : Spectre v2 / SpectreRSB mitigation: Filling RSB on context switch
[    1.277519] Speculative Store Bypass: Vulnerable
[    1.383270] Freeing SMP alternatives memory: 36K
[    1.581851] ftrace: allocating 32380 entries in 127 pages
[    3.038202] smpboot: APIC(0) Converting physical 0 to logical package 0
[    3.054665] smpboot: Max logical packages: 1
[    3.090015] ..TIMER: vector=0x30 apic1=0 pin1=2 apic2=-1 pin2=-1
[    3.209773] APIC calibration not consistent with PM-Timer: 98ms instead of 100ms
[    3.220781] APIC delta adjusted to PM-Timer: 6223838 (6131060)
[    3.231501] smpboot: CPU0: 11th Gen Intel(R) Core(TM) i5-1135G7 @ 2.40GHz (family: 0x6, model: 0x8c, stepping: 0x1)
[    3.253527] Performance Events: unsupported p6 CPU model 140 no PMU driver, software events only.
[    3.459170] KVM setup paravirtual spinlock
[    3.467783] x86: Booting SMP configuration:
[    3.471928] .... node  #0, CPUs:      #1
[    3.479583] kvm-clock: cpu 1, msr 0:3ffe3041, secondary cpu clock
[    3.492924] mce: CPU supports 0 MCE banks
[    3.498160] TSC synchronization [CPU#0 -> CPU#1]:
[    3.509113] Measured 64109 cycles TSC warp between CPUs, turning off TSC clock.
[    3.523784] tsc: Marking TSC unstable due to check_tsc_sync_source failed
[    0.825541] x86: Booted up 1 node, 2 CPUs
[    0.828013] smpboot: Total of 2 processors activated (9676.79 BogoMIPS)
[    0.840017] devtmpfs: initialized
[    0.845685] evm: security.selinux
[    0.848019] evm: security.SMACK64
[    0.852011] evm: security.SMACK64EXEC
[    0.856008] evm: security.SMACK64TRANSMUTE
[    0.864008] evm: security.SMACK64MMAP
[    0.868007] evm: security.ima
[    0.872009] evm: security.capability
[    0.876586] clocksource: jiffies: mask: 0xffffffff max_cycles: 0xffffffff, max_idle_ns: 7645041785100000 ns
[    0.880042] futex hash table entries: 512 (order: 3, 32768 bytes)
[    0.884499] pinctrl core: initialized pinctrl subsystem
[    0.888507] RTC time: 12:38:43, date: 07/23/23
[    0.897933] NET: Registered protocol family 16
[    0.912011] cpuidle: using governor ladder
[    0.924017] cpuidle: using governor menu
[    0.928334] PCCT header not found.
[    0.932151] ACPI: bus type PCI registered
[    0.936008] acpiphp: ACPI Hot Plug PCI Controller Driver version: 0.5
[    0.944164] PCI: Using configuration type 1 for base access
[    0.972477] ACPI: Added _OSI(Module Device)
[    0.976005] ACPI: Added _OSI(Processor Device)
[    0.980008] ACPI: Added _OSI(3.0 _SCP Extensions)
[    0.984008] ACPI: Added _OSI(Processor Aggregator Device)
[    0.989764] ACPI: Executed 1 blocks of module-level executable AML code
[    1.005217] ACPI: Interpreter enabled
[    1.008049] ACPI: (supports S0 S5)
[    1.012005] ACPI: Using IOAPIC for interrupt routing
[    1.020546] PCI: Using host bridge windows from ACPI; if necessary, use "pci=nocrs" and report a bug
[    1.038512] ACPI: PCI Root Bridge [PCI0] (domain 0000 [bus 00-ff])
[    1.040026] acpi PNP0A03:00: _OSC: OS supports [ASPM ClockPM Segments MSI]
[    1.048014] acpi PNP0A03:00: _OSC: not requesting OS control; OS requires [ExtendedConfig ASPM ClockPM MSI]
[    1.052025] acpi PNP0A03:00: fail to add MMCONFIG information, can't access extended PCI configuration space under this bridge.
[    1.056942] PCI host bridge to bus 0000:00
[    1.060012] pci_bus 0000:00: root bus resource [io  0x0000-0x0cf7 window]
[    1.064013] pci_bus 0000:00: root bus resource [io  0x0d00-0xffff window]
[    1.068020] pci_bus 0000:00: root bus resource [mem 0x000a0000-0x000bffff window]
[    1.072009] pci_bus 0000:00: root bus resource [mem 0x40000000-0xfdffffff window]
[    1.076014] pci_bus 0000:00: root bus resource [bus 00-ff]
[    1.095021] pci 0000:00:01.1: legacy IDE quirk: reg 0x10: [io  0x01f0-0x01f7]
[    1.096010] pci 0000:00:01.1: legacy IDE quirk: reg 0x14: [io  0x03f6]
[    1.100015] pci 0000:00:01.1: legacy IDE quirk: reg 0x18: [io  0x0170-0x0177]
[    1.104013] pci 0000:00:01.1: legacy IDE quirk: reg 0x1c: [io  0x0376]
[    1.143672] pci 0000:00:07.0: quirk: [io  0x4000-0x403f] claimed by PIIX4 ACPI
[    1.144120] pci 0000:00:07.0: quirk: [io  0x4100-0x410f] claimed by PIIX4 SMB
[    1.165422] ACPI: PCI Interrupt Link [LNKA] (IRQs 5 9 10 *11)
[    1.172894] ACPI: PCI Interrupt Link [LNKB] (IRQs 5 9 *10 11)
[    1.181811] ACPI: PCI Interrupt Link [LNKC] (IRQs 5 *9 10 11)
[    1.188740] ACPI: PCI Interrupt Link [LNKD] (IRQs 5 9 10 *11)
[    1.199059] ACPI: Enabled 2 GPEs in block 00 to 07
[    1.200329] vgaarb: setting as boot device: PCI:0000:00:02.0
[    1.204000] vgaarb: device added: PCI:0000:00:02.0,decodes=io+mem,owns=io+mem,locks=none
[    1.204015] vgaarb: loaded
[    1.208007] vgaarb: bridge control possible 0000:00:02.0
[    1.212412] SCSI subsystem initialized
[    1.220361] ACPI: bus type USB registered
[    1.224060] usbcore: registered new interface driver usbfs
[    1.228070] usbcore: registered new interface driver hub
[    1.232034] usbcore: registered new device driver usb
[    1.241066] PCI: Using ACPI for IRQ routing
[    1.248669] NetLabel: Initializing
[    1.252006] NetLabel:  domain hash size = 128
[    1.256006] NetLabel:  protocols = UNLABELED CIPSOv4
[    1.260049] NetLabel:  unlabeled traffic allowed by default
[    1.268221] amd_nb: Cannot enumerate AMD northbridges
[    1.276062] clocksource: Switched to clocksource kvm-clock
[    1.288740] AppArmor: AppArmor Filesystem Enabled
[    1.288740] pnp: PnP ACPI init
[    1.288740] pnp: PnP ACPI: found 3 devices
[    1.418816] clocksource: acpi_pm: mask: 0xffffff max_cycles: 0xffffff, max_idle_ns: 2085701024 ns
[    1.420607] NET: Registered protocol family 2
[    1.451683] TCP established hash table entries: 8192 (order: 4, 65536 bytes)
[    1.462024] TCP bind hash table entries: 8192 (order: 5, 131072 bytes)
[    1.465312] TCP: Hash tables configured (established 8192 bind 8192)
[    1.465312] UDP hash table entries: 512 (order: 2, 16384 bytes)
[    1.465312] UDP-Lite hash table entries: 512 (order: 2, 16384 bytes)
[    1.465312] NET: Registered protocol family 1
[    1.465312] pci 0000:00:00.0: Limiting direct PCI/PCI transfers
[    1.465312] pci 0000:00:01.0: Activating ISA DMA hang workarounds
[    1.465312] Unpacking initramfs...
[    1.836133] Freeing initrd memory: 14888K
[    2.114032] clocksource: tsc: mask: 0xffffffffffffffff max_cycles: 0x22df0f35937, max_idle_ns: 440795269039 ns
[    2.150623] platform rtc_cmos: registered platform RTC device (no PNP device found)
[    2.167353] Scanning for low memory corruption every 60 seconds
[    2.181122] audit: initializing netlink subsys (disabled)
[    2.190048] audit: type=2000 audit(1690115928.323:1): initialized
[    2.202762] Initialise system trusted keyring
[    2.215196] HugeTLB registered 2 MB page size, pre-allocated 0 pages
[    2.233736] zbud: loaded
[    2.241836] VFS: Disk quotas dquot_6.6.0
[    2.249236] VFS: Dquot-cache hash table entries: 512 (order 0, 4096 bytes)
[    2.263767] squashfs: version 4.0 (2009/01/31) Phillip Lougher
[    2.273762] fuse init (API version 7.23)
[    2.281471] Key type big_key registered
[    2.287413] Allocating IMA MOK and blacklist keyrings.
[    2.308946] Key type asymmetric registered
[    2.315373] Asymmetric key parser 'x509' registered
[    2.325552] Block layer SCSI generic (bsg) driver version 0.4 loaded (major 249)
[    2.339595] io scheduler noop registered
[    2.349669] io scheduler deadline registered (default)
[    2.359270] io scheduler cfq registered
[    2.367685] pci_hotplug: PCI Hot Plug PCI Core version: 0.5
[    2.377660] pciehp: PCI Express Hot Plug Controller Driver version: 0.4
[    2.389134] ACPI: AC Adapter [AC] (off-line)
[    2.400767] input: Power Button as /devices/LNXSYSTM:00/LNXPWRBN:00/input/input0
[    2.417553] ACPI: Power Button [PWRF]
[    2.424839] input: Sleep Button as /devices/LNXSYSTM:00/LNXSLPBN:00/input/input1
[    2.440630] ACPI: Sleep Button [SLPF]
[    2.450043] GHES: HEST is not enabled!
[    2.451982] ACPI: Battery Slot [BAT0] (battery present)
[    2.467403] Serial: 8250/16550 driver, 32 ports, IRQ sharing enabled
[    2.513600] 00:02: ttyS0 at I/O 0x3f8 (irq = 4, base_baud = 115200) is a 16550A
[    2.525570] Linux agpgart interface v0.103
[    2.545195] loop: module loaded
[    2.558877] scsi host0: ata_piix
[    2.570052] scsi host1: ata_piix
[    2.577749] ata1: PATA max UDMA/33 cmd 0x1f0 ctl 0x3f6 bmdma 0xd000 irq 14
[    2.593635] ata2: PATA max UDMA/33 cmd 0x170 ctl 0x376 bmdma 0xd008 irq 15
[    2.612833] libphy: Fixed MDIO Bus: probed
[    2.626006] tun: Universal TUN/TAP device driver, 1.6
[    2.640650] tun: (C) 1999-2004 Max Krasnyansky <maxk@qualcomm.com>
[    2.659545] PPP generic driver version 2.4.2
[    2.671442] ehci_hcd: USB 2.0 'Enhanced' Host Controller (EHCI) Driver
[    2.688926] ehci-pci: EHCI PCI platform driver
[    2.701352] ehci-platform: EHCI generic platform driver
[    2.713524] ohci_hcd: USB 1.1 'Open' Host Controller (OHCI) Driver
[    2.727907] ohci-pci: OHCI PCI platform driver
[    2.741981] ohci-platform: OHCI generic platform driver
[    2.757541] uhci_hcd: USB Universal Host Controller Interface driver
[    2.774998] i8042: PNP: PS/2 Controller [PNP0303:PS2K,PNP0f03:PS2M] at 0x60,0x64 irq 1,12
[    2.805205] serio: i8042 KBD port at 0x60,0x64 irq 1
[    2.820986] serio: i8042 AUX port at 0x60,0x64 irq 12
[    2.837748] mousedev: PS/2 mouse device common for all mice
[    2.855638] input: AT Translated Set 2 keyboard as /devices/platform/i8042/serio0/input/input2
[    2.883515] rtc_cmos rtc_cmos: rtc core: registered rtc_cmos as rtc0
[    2.906285] rtc_cmos rtc_cmos: alarms up to one day, 114 bytes nvram
[    2.920653] i2c /dev entries driver
[    2.927563] device-mapper: uevent: version 1.0.3
[    2.936437] device-mapper: ioctl: 4.34.0-ioctl (2015-10-28) initialised: dm-devel@redhat.com
[    2.953840] ledtrig-cpu: registered to indicate activity on CPUs
[    2.968122] NET: Registered protocol family 10
[    2.977589] NET: Registered protocol family 17
[    2.984964] Key type dns_resolver registered
[    2.993162] registered taskstats version 1
[    3.000739] Loading compiled-in X.509 certificates
[    3.010503] Loaded X.509 cert 'Build time autogenerated kernel key: cf00e047681d67edb2720680708b7d9498083038'
[    3.027103] zswap: loaded using pool lzo/zbud
[    3.045393] Key type trusted registered
[    3.069820] Key type encrypted registered
[    3.078710] AppArmor: AppArmor sha1 policy hashing enabled
[    3.090597] ima: No TPM chip found, activating TPM-bypass!
[    3.101931] ima: Allocated hash algorithm: sha1
[    3.110556] evm: HMAC attrs: 0x1
[    3.120022]   Magic number: 15:587:633
[    3.129286] rtc_cmos rtc_cmos: setting system clock to 2023-07-23 12:38:46 UTC (1690115926)
[    3.144512] BIOS EDD facility v0.16 2004-Jun-25, 0 devices found
[    3.155805] EDD information not available.
[    3.169606] Freeing unused kernel memory: 1492K
[    3.193151] Write protecting the kernel read-only data: 14336k
[    3.206596] Freeing unused kernel memory: 1584K
[    3.215389] Freeing unused kernel memory: 52K
Loading, please wait...
starting version 229
[    3.280288] random: systemd-udevd: uninitialized urandom read (16 bytes read, 11 bits of entropy available)
[    3.297511] random: systemd-udevd: uninitialized urandom read (16 bytes read, 11 bits of entropy available)
[    3.307145] random: udevadm: uninitialized urandom read (16 bytes read, 11 bits of entropy available)
[    3.307202] random: udevadm: uninitialized urandom read (16 bytes read, 11 bits of entropy available)
[    3.343396] random: udevadm: uninitialized urandom read (16 bytes read, 11 bits of entropy available)
[    3.343483] random: udevadm: uninitialized urandom read (16 bytes read, 11 bits of entropy available)
[    3.343837] random: udevadm: uninitialized urandom read (16 bytes read, 11 bits of entropy available)
[    3.343970] random: udevadm: uninitialized urandom read (16 bytes read, 11 bits of entropy available)
[    3.344661] random: udevadm: uninitialized urandom read (16 bytes read, 11 bits of entropy available)
[    3.344745] random: udevadm: uninitialized urandom read (16 bytes read, 11 bits of entropy available)
[    3.603329] e1000: Intel(R) PRO/1000 Network Driver - version 7.3.21-k8-NAPI
[    3.619050] e1000: Copyright (c) 1999-2006 Intel Corporation.
[    3.627579] Fusion MPT base driver 3.04.20
[    3.633364] Copyright (c) 1999-2008 LSI Corporation
[    3.712632] Fusion MPT SPI Host driver 3.04.20
[    3.718747] SSE version of gcm_enc/dec engaged.
[    3.904786] input: ImExPS/2 Generic Explorer Mouse as /devices/platform/i8042/serio1/input/input4
[    4.852988] e1000 0000:00:03.0 eth0: (PCI:33MHz:32-bit) 02:be:82:6b:cc:1d
[    4.869374] e1000 0000:00:03.0 eth0: Intel(R) PRO/1000 Network Connection
[    5.885611] e1000 0000:00:08.0 eth1: (PCI:33MHz:32-bit) 08:00:27:30:7c:18
[    5.900220] e1000 0000:00:08.0 eth1: Intel(R) PRO/1000 Network Connection
[    5.917190] e1000 0000:00:08.0 enp0s8: renamed from eth1
[    5.929878] mptbase: ioc0: Initiating bringup
[    5.952161] e1000 0000:00:03.0 enp0s3: renamed from eth0
[    6.839324] ioc0: LSI53C1030 A0: Capabilities={Initiator}
[    8.921843] scsi host2: ioc0: LSI53C1030 A0, FwRev=00000000h, Ports=1, MaxQ=256, IRQ=20
[    9.089487] scsi 2:0:0:0: Direct-Access     VBOX     HARDDISK         1.0  PQ: 0 ANSI: 5
[    9.115903] scsi target2:0:0: Beginning Domain Validation
[    9.157570] scsi target2:0:0: Domain Validation skipping write tests
[    9.178827] scsi target2:0:0: Ending Domain Validation
[    9.193591] scsi target2:0:0: asynchronous
[    9.216518] scsi 2:0:1:0: Direct-Access     VBOX     HARDDISK         1.0  PQ: 0 ANSI: 5
[    9.239901] scsi target2:0:1: Beginning Domain Validation
[    9.277551] scsi target2:0:1: Domain Validation skipping write tests
[    9.295428] scsi target2:0:1: Ending Domain Validation
[    9.310494] scsi target2:0:1: asynchronous
[    9.403840] sd 2:0:0:0: Attached scsi generic sg0 type 0
[    9.414734] sd 2:0:0:0: [sda] 83886080 512-byte logical blocks: (42.9 GB/40.0 GiB)
[    9.415237] sd 2:0:1:0: Attached scsi generic sg1 type 0
[    9.416527] sd 2:0:1:0: [sdb] 20480 512-byte logical blocks: (10.5 MB/10.0 MiB)
[    9.417799] sd 2:0:1:0: [sdb] Write Protect is off
[    9.418947] sd 2:0:1:0: [sdb] Incomplete mode parameter data
[    9.418949] sd 2:0:1:0: [sdb] Assuming drive cache: write through
[    9.435997] sd 2:0:1:0: [sdb] Attached SCSI disk
[    9.492921] sd 2:0:0:0: [sda] Write Protect is off
[    9.505789] sd 2:0:0:0: [sda] Incomplete mode parameter data
[    9.514931] sd 2:0:0:0: [sda] Assuming drive cache: write through
[    9.538721]  sda: sda1
[    9.554215] sd 2:0:0:0: [sda] Attached SCSI disk
Begin: Loading essential drivers ... [   11.875937] md: linear personality registered for level -1
[   11.897962] md: multipath personality registered for level -4
[   11.920066] md: raid0 personality registered for level 0
[   11.966771] md: raid1 personality registered for level 1
[   12.052771] raid6: sse2x1   gen()  4548 MB/s
[   12.128382] raid6: sse2x1   xor()  3683 MB/s
[   12.200391] raid6: sse2x2   gen()  7104 MB/s
[   12.272970] raid6: sse2x2   xor()  5300 MB/s
[   12.349388] raid6: sse2x4   gen()  7749 MB/s
[   12.425033] raid6: sse2x4   xor()  4748 MB/s
[   12.434227] raid6: using algorithm sse2x4 gen() 7749 MB/s
[   12.443518] raid6: .... xor() 4748 MB/s, rmw enabled
[   12.453336] raid6: using ssse3x2 recovery algorithm
[   12.466697] xor: measuring software checksum speed
[   12.512291]    prefetch64-sse:  6688.000 MB/sec
[   12.560062]    generic_sse: 11444.000 MB/sec
[   12.569323] xor: using function: generic_sse (11444.000 MB/sec)
[   12.589835] async_tx: api initialized (async)
[   12.699871] md: raid6 personality registered for level 6
[   12.709453] md: raid5 personality registered for level 5
[   12.719228] md: raid4 personality registered for level 4
[   12.782227] md: raid10 personality registered for level 10
done.
Begin: Running /scripts/init-premount ... done.
Begin: Mounting root file system ... Begin: Running /scripts/local-top ... done.
Begin: Running /scripts/local-premount ... [   12.979158] Btrfs loaded
Scanning for Btrfs filesystems
done.
Warning: fsck not present, so skipping root file system
[   13.109026] EXT4-fs (sda1): mounted filesystem with ordered data mode. Opts: (null)
done.
Begin: Running /scripts/local-bottom ... done.
Begin: Running /scripts/init-bottom ... done.
[   13.652615] systemd[1]: systemd 229 running in system mode. (+PAM +AUDIT +SELINUX +IMA +APPARMOR +SMACK +SYSVINIT +UTMP +LIBCRYPTSETUP +GCRYPT +GNUTLS +ACL +XZ -LZ4 +SECCOMP +BLKID +ELFUTILS +KMOD -IDN)
[   13.690184] systemd[1]: Detected virtualization oracle.
[   13.694026] systemd[1]: Detected architecture x86-64.

Welcome to [1mUbuntu 16.04.7 LTS[0m!

[   13.735470] systemd[1]: Set hostname to <ubuntu>.
[   13.748928] systemd[1]: Initializing machine ID from random generator.
[   13.763463] systemd[1]: Installed transient /etc/machine-id file.
[   14.185403] random: nonblocking pool is initialized
[   14.394349] systemd[1]: Listening on Syslog Socket.
[[0;32m  OK  [0m] Listening on Syslog Socket.
[   14.408811] systemd[1]: Reached target Encrypted Volumes.
[[0;32m  OK  [0m] Reached target Encrypted Volumes.
[   14.421585] systemd[1]: Started Forward Password Requests to Wall Directory Watch.
[[0;32m  OK  [0m] Started Forward Password Requests to Wall Directory Watch.
[   14.441321] systemd[1]: Listening on udev Control Socket.
[[0;32m  OK  [0m] Listening on udev Control Socket.
[   14.452913] systemd[1]: Listening on Journal Socket (/dev/log).
[[0;32m  OK  [0m] Listening on Journal Socket (/dev/log).
[   14.468394] systemd[1]: Listening on LVM2 poll daemon socket.
[[0;32m  OK  [0m] Listening on LVM2 poll daemon socket.
[   14.488014] systemd[1]: Set up automount Arbitrary Executable File Formats File System Automount Point.
[[0;32m  OK  [0m] Set up automount Arbitrary Executab...ats File System Automount Point.
[   14.513468] systemd[1]: Listening on fsck to fsckd communication Socket.
[[0;32m  OK  [0m] Listening on fsck to fsckd communication Socket.
[   14.534706] systemd[1]: Reached target User and Group Name Lookups.
[[0;32m  OK  [0m] Reached target User and Group Name Lookups.
[   14.552192] systemd[1]: Created slice System Slice.
[[0;32m  OK  [0m] Created slice System Slice.
[   14.568075] systemd[1]: Created slice system-serial\x2dgetty.slice.
[[0;32m  OK  [0m] Created slice system-serial\x2dgetty.slice.
[   14.585259] systemd[1]: Listening on Journal Audit Socket.
[[0;32m  OK  [0m] Listening on Journal Audit Socket.
[   14.598316] systemd[1]: Listening on Device-mapper event daemon FIFOs.
[[0;32m  OK  [0m] Listening on Device-mapper event daemon FIFOs.
[   14.613026] systemd[1]: Created slice User and Session Slice.
[[0;32m  OK  [0m] Created slice User and Session Slice.
[   14.622139] systemd[1]: Reached target System Time Synchronized.
[[0;32m  OK  [0m] Reached target System Time Synchronized.
[   14.631966] systemd[1]: Started Trigger resolvconf update for networkd DNS.
[[0;32m  OK  [0m] Started Trigger resolvconf update for networkd DNS.
[   14.644938] systemd[1]: Listening on udev Kernel Socket.
[[0;32m  OK  [0m] Listening on udev Kernel Socket.
[   14.658534] systemd[1]: Reached target Swap.
[[0;32m  OK  [0m] Reached target Swap.
[   14.669160] systemd[1]: Reached target Slices.
[[0;32m  OK  [0m] Reached target Slices.
[   14.681115] systemd[1]: Listening on /dev/initctl Compatibility Named Pipe.
[[0;32m  OK  [0m] Listening on /dev/initctl Compatibility Named Pipe.
[   14.695384] systemd[1]: Listening on Journal Socket.
[[0;32m  OK  [0m] Listening on Journal Socket.
[   14.716787] systemd[1]: Starting Create list of required static device nodes for the current kernel...
         Starting Create list of required st... nodes for the current kernel...
[   14.734677] systemd[1]: Mounting Huge Pages File System...
         Mounting Huge Pages File System...
[   14.756911] systemd[1]: Starting Set console keymap...
         Starting Set console keymap...
[   14.778067] systemd[1]: Starting Uncomplicated firewall...
         Starting Uncomplicated firewall...
[   14.791390] systemd[1]: Mounting POSIX Message Queue File System...
         Mounting POSIX Message Queue File System...
[   14.815437] systemd[1]: Starting Journal Service...
         Starting Journal Service...
[   14.842301] systemd[1]: Starting Load Kernel Modules...
         Starting Load Kernel Modules...
[   14.859900] systemd[1]: Starting Nameserver information manager...
         Starting Nameserver information manager...
[   14.871326] systemd[1]: Listening on LVM2 metadata daemon socket.
[[0;32m  OK  [0m] Listening on LVM2 metadata daemon socket.
[   14.888902] systemd[1]: Starting Monitoring of LVM2 mirrors, snapshots etc. using dmeventd or progress polling...
         Starting Monitoring of LVM2 mirrors... dmeventd or progress polling...
[   14.913471] systemd[1]: Mounting Debug File System...
         Mounting Debug File System...
[   14.927377] systemd[1]: Starting File System Check on Root Device...
         Starting File System Check on Root Device...
[   14.944735] systemd[1]: Mounted Huge Pages File System.
[[0;32m  OK  [0m] Mounted Huge Pages File System.
[   14.961182] systemd[1]: Mounted POSIX Message Queue File System.
[[0;32m  OK  [0m] Mounted POSIX Message Queue File System.
[   14.972192] systemd[1]: Mounted Debug File System.
[[0;32m  OK  [0m] Mounted Debug File System.
[   14.983586] systemd[1]: Started Create list of required static device nodes for the current kernel.
[[0;32m  OK  [0m] Started Create list of required sta...ce nodes for the current kernel.
[   14.999345] systemd[1]: Started Set console keymap.
[[0;32m  OK  [0m] Started Set console keymap.
[   15.014375] systemd[1]: Started Uncomplicated firewall.
[[0;32m  OK  [0m] Started Uncomplicated firewall.
[   15.050732] systemd[1]: Started Journal Service.
[[0;32m  OK  [0m] Started Journal Service.
[   15.066313] Loading iSCSI transport class v2.0-870.
[[0;32m  OK  [0m] Started File System Check Daemon to report status.
         Starting Create Static Device Nodes in /dev...
[[0;32m  OK  [0m] Started Nameserver information manager.
[[0;32m  OK  [0m] Started LVM2 metadata daemon.
[   15.163706] iscsi: registered transport (tcp)
[[0;32m  OK  [0m] Started File System Check on Root Device.
         Starting Remount Root and Kernel File Systems...
[   15.377377] EXT4-fs (sda1): re-mounted. Opts: (null)
[[0;32m  OK  [0m] Started Remount Root and Kernel File Systems.
         Starting Load/Save Random Seed...
         Starting udev Coldplug all Devices...
         Starting Flush Journal to Persistent Storage...
[[0;32m  OK  [0m] Started Load/Save Random Seed.
[[0;32m  OK  [0m] Started Create Static Device Nodes in /dev.
         Starting udev Kernel Device Manager...
[[0;32m  OK  [0m] Started Monitoring of LVM2 mirrors,...ng dmeventd or progress polling.
[[0;32m  OK  [0m] Reached target Local File Systems (Pre).
[[0;32m  OK  [0m] Reached target Local File Systems.
         Starting Commit a transient machine-id on disk...
         Starting LSB: AppArmor initialization...
         Starting Set console font and keymap...
         Starting Initial cloud-init job (pre-networking)...
         Starting Tell Plymouth To Write Out Runtime Data...
[   15.742068] systemd-journald[387]: Received request to flush runtime journal from PID 1
[[0;32m  OK  [0m] Started Flush Journal to Persistent Storage.
[   15.807607] iscsi: registered transport (iser)
         Starting Create Volatile Files and Directories...
[[0;32m  OK  [0m] Started udev Coldplug all Devices.
[[0;32m  OK  [0m] Started Load Kernel Modules.
[[0;32m  OK  [0m] Started Commit a transient machine-id on disk.
[[0;32m  OK  [0m] Started Tell Plymouth To Write Out Runtime Data.
         Starting Apply Kernel Variables...
         Mounting FUSE Control File System...
[[0;32m  OK  [0m] Mounted FUSE Control File System.
[[0;32m  OK  [0m] Started Create Volatile Files and Directories.
         Starting Update UTMP about System Boot/Shutdown...
[[0;32m  OK  [0m] Started Update UTMP about System Boot/Shutdown.
[[0;32m  OK  [0m] Started Apply Kernel Variables.
[[0;32m  OK  [0m] Started udev Kernel Device Manager.
[[0;32m  OK  [0m] Started Dispatch Password Requests to Console Directory Watch.
[[0;32m  OK  [0m] Found device /dev/ttyS0.
[[0;32m  OK  [0m] Listening on Load/Save RF Kill Switch Status /dev/rfkill Watch.
[[0;32m  OK  [0m] Started LSB: AppArmor initialization.
         Starting Load AppArmor profiles managed internally by snapd...
[[0;32m  OK  [0m] Started Load AppArmor profiles managed internally by snapd.
[[0;32m  OK  [0m] Started Set console font and keymap.
[   20.279311] cloud-init[469]: Cloud-init v. 21.1-19-gbad84ad4-0ubuntu1~16.04.2 running 'init-local' at Sun, 23 Jul 2023 12:39:02 +0000. Up 19.61 seconds.
[[0;32m  OK  [0m] Created slice system-getty.slice.
[[0;32m  OK  [0m] Started Initial cloud-init job (pre-networking).
[[0;32m  OK  [0m] Reached target Network (Pre).
         Starting Raise network interfaces...
[[0;32m  OK  [0m] Started Raise network interfaces.
         Starting Initial cloud-init job (metadata service crawler)...
[[0;32m  OK  [0m] Reached target Network.
[   23.403897] cloud-init[968]: Cloud-init v. 21.1-19-gbad84ad4-0ubuntu1~16.04.2 running 'init' at Sun, 23 Jul 2023 12:39:05 +0000. Up 22.07 seconds.
[   23.414164] cloud-init[968]: ci-info: ++++++++++++++++++++++++++++++++++++++Net device info+++++++++++++++++++++++++++++++++++++++
[   23.425180] cloud-init[968]: ci-info: +--------+-------+----------------------------+---------------+--------+-------------------+
[   23.435110] cloud-init[968]: ci-info: | Device |   Up  |          Address           |      Mask     | Scope  |     Hw-Address    |
[   23.443058] cloud-init[968]: ci-info: +--------+-------+----------------------------+---------------+--------+-------------------+
[   23.452249] cloud-init[968]: ci-info: | enp0s3 |  True |         10.0.2.15          | 255.255.255.0 | global | 02:be:82:6b:cc:1d |
[   23.461929] cloud-init[968]: ci-info: | enp0s3 |  True | fe80::be:82ff:fe6b:cc1d/64 |       .       |  link  | 02:be:82:6b:cc:1d |
[   23.471263] cloud-init[968]: ci-info: | enp0s8 | False |             .              |       .       |   .    | 08:00:27:30:7c:18 |
[   23.481032] cloud-init[968]: ci-info: |   lo   |  True |         127.0.0.1          |   255.0.0.0   |  host  |         .         |
[   23.492554] cloud-init[968]: ci-info: |   lo   |  True |          ::1/128           |       .       |  host  |         .         |
[   23.503289] cloud-init[968]: ci-info: +--------+-------+----------------------------+---------------+--------+-------------------+
[   23.514132] cloud-init[968]: ci-info: +++++++++++++++++++++++++++Route IPv4 info++++++++++++++++++++++++++++
[   23.522896] cloud-init[968]: ci-info: +-------+-------------+----------+---------------+-----------+-------+
[   23.531151] cloud-init[968]: ci-info: | Route | Destination | Gateway  |    Genmask    | Interface | Flags |
[   23.539543] cloud-init[968]: ci-info: +-------+-------------+----------+---------------+-----------+-------+
[   23.548741] cloud-init[968]: ci-info: |   0   |   0.0.0.0   | 10.0.2.2 |    0.0.0.0    |   enp0s3  |   UG  |
[   23.557469] cloud-init[968]: ci-info: |   1   |   10.0.2.0  | 0.0.0.0  | 255.255.255.0 |   enp0s3  |   U   |
[   23.566117] cloud-init[968]: ci-info: +-------+-------------+----------+---------------+-----------+-------+
[   23.575323] cloud-init[968]: ci-info: +++++++++++++++++++Route IPv6 info+++++++++++++++++++
[   23.586623] cloud-init[968]: ci-info: +-------+-------------+---------+-----------+-------+
[   23.594222] cloud-init[968]: ci-info: | Route | Destination | Gateway | Interface | Flags |
[   23.601864] cloud-init[968]: ci-info: +-------+-------------+---------+-----------+-------+
[   23.606942] cloud-init[968]: ci-info: |   0   |  fe80::/64  |    ::   |   enp0s3  |   U   |
[   23.613297] cloud-init[968]: ci-info: |   3   |   ff00::/8  |    ::   |   enp0s3  |   U   |
[   23.621409] cloud-init[968]: ci-info: +-------+-------------+---------+-----------+-------+
[   23.630502] cloud-init[968]: Generating public/private rsa key pair.
[   23.636795] cloud-init[968]: Your identification has been saved in /etc/ssh/ssh_host_rsa_key.
[[0;32m  OK  [0m] Started Initial cloud-init job (metadata service crawler).
[[0;32m  OK  [0m] Reached target Cloud-config availability.
[[0;32m  OK  [0m] Reached target System Initialization.
[[0;32m  OK  [0m] Started Message of the Day.
[   23.645221] cloud-init[968]: Your public key has been saved in /etc/ssh/ssh_host_rsa_key.pub.
[   23.666639] cloud-init[968]: The key fingerprint is:
         Starting LXD - unix socket.
[   23.675827] cloud-init[968]: SHA256:gIc9q5+udSV7FWcjRbnE20ct1LwK+hp/muiRhCTBiO0 root@ubuntu-xenial
[[0;32m  OK  [0m] Listening on D-Bus System Message Bus Socket.
[   23.691541] [[0;32m  OK  [0m] Started Ubuntu Advantage update messaging.
[[0;32m  OK  [0m] Listening on UUID daemon activation socket.
         Starting Socket activation for snappy daemon.
[[0;32m  OK  [0m] Started Daily apt download activities.
[[0;32m  OK  [0m] Started Daily apt upgrade and clean activities.
cloud-init[968]: [[0;32m  OK  [0m] Started ACPI Events Check.
[[0;32m  OK  [0m] Reached target Paths.
[[0;32m  OK  [0m] Listening on ACPID Listen Socket.
[[0;32m  OK  [0m] Started Daily Cleanup of Temporary Directories.
[[0;32m  OK  [0m] Reached target Timers.
[[0;32m  OK  [0m] Reached target Network is Online.
The key's randomart image is:
[   23.727127] cloud-init[968]: +---[RSA 2048]----+
[   23.736890] cloud-init[968]: |  o o.       +++.|
[   23.745301]          Starting iSCSI initiator daemon (iscsid)...
[[0;32m  OK  [0m] Listening on LXD - unix socket.
[[0;32m  OK  [0m] Listening on Socket activation for snappy daemon.
[[0;32m  OK  [0m] Reached target Sockets.
[[0;32m  OK  [0m] Reached target Basic System.
[[0;32m  OK  [0m] Started Regular background program processing daemon.
[[0;32m  OK  [0m] Started Deferred execution scheduler.
cloud-init[968]:          Starting System Logging Service...
         Starting LSB: MD monitoring daemon...
         Starting LSB: Record successful boot for GRUB...
| . o =.      .= =|
         Starting Snap Daemon...
         Starting Accounts Service...
[[0;32m  OK  [0m] Started D-Bus System Message Bus.
[   23.777413] cloud-init[968]: |  . o.=.    o.+*.|
[   23.814915] cloud-init[968]: |   E .o+.  . =ooo|
[   23.872454] cloud-init[968]: |      ..S.o o . .|
[   23.881447] cloud-init[968]: |     .  .=.. .   |
[   23.890016] cloud-init[968]: |    . . o+o      |
[   23.914203] cloud-init[968]: |     o o .=...   |
[   23.919693] cloud-init[968]: |    .o+ .+.+o    |
[   23.925518] cloud-init[968]: +----[SHA256]-----+
[   23.933621] cloud-init[968]: Generating public/private dsa key pair.
[   23.941197] cloud-init[968]: Your identification has been saved in /etc/ssh/ssh_host_dsa_key.
[   23.950631] cloud-init[968]: Your public key has been saved in /etc/ssh/ssh_host_dsa_key.pub.
[   23.962842] cloud-init[968]: The key fingerprint is:
[   23.973210] cloud-init[968]: SHA256:VHyVDbA3+SqjQbRYd+RcwmNQ95aO/K1RDAp3oIbQHfc root@ubuntu-xenial
[   23.985170] cloud-init         Starting Login Service...
[968]: The key's randomart image is:
[[0;32m  OK  [0m] Started FUSE filesystem for LXC.
[   24.023263] cloud-init[968]: +---[DSA 1024]----+
[   24.037082] cloud-init[968]: |      .. oo.=**+o|
[   24.043444] cloud-init[968]: |       ..ooo.B==+|
[   24.055283] cloud-init[968]: |        o *.+.Eoo|
[   24.064617] cloud-init[968]: |       . = =.=o* |
[   24.077135] cloud-init[968]: |        S o .o .+|
[   24.088912] cloud-init[968]: |         .    .o.|
[   24.102120] cloud-init[968]: |          . o o..|
[   24.115116] cloud-init[968]: |           o o o |
[   24.121935]          Starting Pollinate to seed the pseudo random number generator...
         Starting Virtualbox guest utils...
cloud-init[968]: |          .   .  |
[   24.145855] cloud-init[968]: +----[SHA256]-----+
[   24.154830] cloud-init[968]: Generating public/private ecdsa key pair.
[   24.171961] cloud-init[968]: Your identification has been saved in /etc/ssh/ssh_host_ecdsa_key.
[   24.187586] cloud-init[[0;32m  OK  [0m] Started ACPI event daemon.
[968]:          Starting /etc/rc.local Compatibility...
Your public key has been saved in /etc/ssh/ssh_host_ecdsa_key.pub.
[   24.203871]          Starting LXD - container startup/shutdown...
[[0;32m  OK  [0m] Started System Logging Service.
cloud-init[968]: The key fingerprint is:
[[0;32m  OK  [0m] Started /etc/rc.local Compatibility.
[   24.288037] cloud-init[968]: SHA256:5ScdVSkseLZzbypIssKBU3v0ZGBsEyNFC255PZm5HCg root@ubuntu-xenial
[   24.312372] cloud-init[968]: The key's randomart image is:
[   24.325348] cloud-init[968]:          Starting Authenticate and Authorize Users to Run Privileged Tasks...
[[0;32m  OK  [0m] Started Login Service.
[[0;32m  OK  [0m] Started Unattended Upgrades Shutdown.
+---[ECDSA 256]---+[[0;32m  OK  [0m] Started iSCSI initiator daemon (iscsid).
[[0;32m  OK  [0m] Started LSB: MD monitoring daemon.

[   24.380925] cloud-init[968]: |     o+=. . . ..o|
         Starting Login to default iSCSI targets...
[[0;32m  OK  [0m] Started LSB: Record successful boot for GRUB.
[   24.387408] cloud-init[968]: |    . +*=.++ + . |
[   24.410226] cloud-init[968]: |     Eo+oB+ + .  |
[   24.420589] cloud-init[968]: |    ..o..=++ o   |
[   24.428759] cloud-init[968]: |    o o Soo = .  |
[   24.439075] cloud-init[968]: |   o o o o o   o |
[   24.446259] cloud-init[968]: |    o o + .   o  |
[   24.455668] cloud-init[968]: |     o . . . .   |
[   24.464657] cloud-init[968]: |      .     .    |
[   24.474320] cloud-init[968]: +----[SHA256]-----+
[   24.487133] cloud-init[968]: Generating public/private ed25519 key pair.
[   24.506464] cloud-init[968]: Your identification has been saved in /etc/ssh/ssh_host_ed25519_key.
[   24.520770] cloud-init[968]: Your public key has been saved in /etc/ssh/ssh_host_ed25519_key.pub.
[   24.530503] cloud-init[968]: The key fingerprint is:
[   24.554702] cloud-init[968]: SHA256:QrYU7mhZLxrxOPPtUztczh2dGVR6J43RD9ANytSKwag root@ubuntu-xenial
[   24.570081] cloud-init[968]: The key's randomart image is:
[   24.582250] cloud-init[968]: +--[ED25519 256]--+[[0;32m  OK  [0m] Started Login to default iSCSI targets.
[[0;32m  OK  [0m] Reached target Remote File Systems (Pre).
[[0;32m  OK  [0m] Reached target Remote File Systems.
         Starting LSB: Set the CPU Frequency Scaling governor to "ondemand"...
         Starting LSB: daemon to balance interrupts for SMP systems...

[   24.612546] cloud-init         Starting LSB: automatic crash report generation...
         Starting Permit User Sessions...
[[0;32m  OK  [0m] Started Authenticate and Authorize Users to Run Privileged Tasks.
[[0;32m  OK  [0m] Started Accounts Service.
[968]: |      .  o  o+o+o|
[   24.664526] cloud-init[968]: |     . .. oo .+*o|
[[0;32m  OK  [0m] Started Permit User Sessions.
         Starting Hold until boot process finishes up...
         Starting Terminate Plymouth Boot Screen...
[[0;32m  OK  [0m] Started LSB: Set the CPU Frequency Scaling governor to "ondemand".
[[0;32m  OK  [0m] Started Hold until boot process finishes up.
         Starting Set console scheme...
[[0;32m  OK  [0m] Started Getty on tty1.
[[0;32m  OK  [0m] Started Serial Getty on ttyS0.
[[0;32m  OK  [0m] Reached target Login Prompts.
[[0;32m  OK  [0m] Started Terminate Plymouth Boot Screen.
[[0;32m  OK  [0m] Started Set console scheme.
[   24.766545] cloud-init[968]: |    . *.   oo.=.=|
[[0;32m  OK  [0m] Started LSB: daemon to balance interrupts for SMP systems.
[   24.840706] cloud-init[968]: |     %Eo  . .  +o|[[0;32m  OK  [0m] Started LSB: automatic crash report generation.

[   24.878684] cloud-init[968]: |    O * S      .+|
[   24.895084] cloud-init[968]: |   . * +  . . .o.|
[   24.913839] cloud-init[968]: |    . . .o = . . |
[   24.928502] cloud-init[968]: |       .. + o .  |
[   24.949525] cloud-init[968]: |        .. .     |
[   24.957761] cloud-init[968]: +----[SHA256]-----+
[[0;32m  OK  [0m] Started Virtualbox guest utils.
[[0;32m  OK  [0m] Started LXD - container startup/shutdown.
[[0;32m  OK  [0m] Started Snap Daemon.
         Starting Wait until snapd is fully seeded...
[[0;32m  OK  [0m] Started Pollinate to seed the pseudo random number generator.
         Starting OpenBSD Secure Shell server...
[[0;32m  OK  [0m] Started OpenBSD Secure Shell server.
[[0;32m  OK  [0m] Created slice User Slice of vagrant.
         Starting User Manager for UID 1000...
[[0;32m  OK  [0m] Started Session 1 of user vagrant.
[[0;32m  OK  [0m] Started User Manager for UID 1000.
[[0;32m  OK  [0m] Started Wait until snapd is fully seeded.
         Starting Apply the settings specified in cloud-config...
[[0;32m  OK  [0m] Reached target Multi-User System.
[[0;32m  OK  [0m] Reached target Graphical Interface.
         Starting Update UTMP about System Runlevel Changes...
[[0;32m  OK  [0m] Started Update UTMP about System Runlevel Changes.
[   30.193170] cloud-init[1437]: Generating locales (this might take a while)...

Ubuntu 16.04.7 LTS ubuntu-xenial ttyS0

ubuntu-xenial login: [   32.148794] cloud-init[1437]:   en_US.UTF-8... done
[   32.159200] cloud-init[1437]: Generation complete.
[   33.080645] cloud-init[1437]: Cloud-init v. 21.1-19-gbad84ad4-0ubuntu1~16.04.2 running 'modules:config' at Sun, 23 Jul 2023 12:39:13 +0000. Up 29.83 seconds.
ci-info: no authorized SSH keys fingerprints found for user ubuntu.
<14>Jul 23 12:39:17 ec2: 
<14>Jul 23 12:39:17 ec2: #############################################################
<14>Jul 23 12:39:17 ec2: -----BEGIN SSH HOST KEY FINGERPRINTS-----
<14>Jul 23 12:39:17 ec2: 1024 SHA256:VHyVDbA3+SqjQbRYd+RcwmNQ95aO/K1RDAp3oIbQHfc root@ubuntu-xenial (DSA)
<14>Jul 23 12:39:17 ec2: 256 SHA256:5ScdVSkseLZzbypIssKBU3v0ZGBsEyNFC255PZm5HCg root@ubuntu-xenial (ECDSA)
<14>Jul 23 12:39:17 ec2: 256 SHA256:QrYU7mhZLxrxOPPtUztczh2dGVR6J43RD9ANytSKwag root@ubuntu-xenial (ED25519)
<14>Jul 23 12:39:17 ec2: 2048 SHA256:gIc9q5+udSV7FWcjRbnE20ct1LwK+hp/muiRhCTBiO0 root@ubuntu-xenial (RSA)
<14>Jul 23 12:39:17 ec2: -----END SSH HOST KEY FINGERPRINTS-----
<14>Jul 23 12:39:17 ec2: #############################################################
-----BEGIN SSH HOST KEY KEYS-----
ecdsa-sha2-nistp256 AAAAE2VjZHNhLXNoYTItbmlzdHAyNTYAAAAIbmlzdHAyNTYAAABBBBt1+472CblTRwurPlEYyoPVuH7a0QUfJTzZiEXdbqtegq7LqMCaz8C5BxesbGnQRMkQm581Sw1ev1z+LcuwoD0= root@ubuntu-xenial
ssh-ed25519 AAAAC3NzaC1lZDI1NTE5AAAAICIJ709jgDSpIeh751sdyUfRUicbsA6s2p0YZwLfxprU root@ubuntu-xenial
ssh-rsa AAAAB3NzaC1yc2EAAAADAQABAAABAQDTUbVFHP9Gi1JJsrEL3uARNZdmX9mPnFzkRjMaPcH+wgd7D8Leqejiguqb4GQiM/h57pAD4Q+iQLt8sTBcwInFLpFgiMiIFu2dCK9+JVgOzQ3SLTkyRHWGMVm3zWknRbflOn3Hc/Lcao53iPrfBv248V76sBEhJ7Ip6jK+6ovOtZEMFjxV+JXSVv896BR9Gr4+fYDlwqgtn3f6/05GetK/lDu7Cm9Ql4qL/VwGSXKSVq986wPuJSpOHNF8DmF298st9aHxsDkOghQP9vB7tfHxAiXf4TlM5EMaQs7Yj3VzoVZQbJm0FPr3laOsPGobv8lqQUyG7tEJof3HtZ4I/okt root@ubuntu-xenial
-----END SSH HOST KEY KEYS-----
[   33.932954] cloud-init[1596]: Cloud-init v. 21.1-19-gbad84ad4-0ubuntu1~16.04.2 running 'modules:final' at Sun, 23 Jul 2023 12:39:16 +0000. Up 33.63 seconds.
[   33.942309] cloud-init[1596]: ci-info: no authorized SSH keys fingerprints found for user ubuntu.
[   33.954757] cloud-init[1596]: Cloud-init v. 21.1-19-gbad84ad4-0ubuntu1~16.04.2 finished at Sun, 23 Jul 2023 12:39:17 +0000. Datasource DataSourceNoCloud [seed=/dev/sdb][dsmode=net].  Up 33.88 seconds
[[0;32m  OK  [0m] Stopped Unattended Upgrades Shutdown.
[[0;32m  OK  [0m] Stopped target Timers.
         Stopping User Manager for UID 1000...
[[0;32m  OK  [0m] Closed Load/Save RF Kill Switch Status /dev/rfkill Watch.
         Stopping Authenticate and Authorize Users to Run Privileged Tasks...
[[0;32m  OK  [0m] Stopped target Cloud-init target.
[[0;32m  OK  [0m] Stopped Execute cloud user/final scripts.
[[0;32m  OK  [0m] Stopped Message of the Day.
[[0;32m  OK  [0m] Stopped target Graphical Interface.
         Stopping Accounts Service...
         Stopping Session 3 of user vagrant.
[[0;32m  OK  [0m] Stopped Daily apt upgrade and clean activities.
[[0;32m  OK  [0m] Stopped Apply the settings specified in cloud-config.
[[0;32m  OK  [0m] Stopped target Cloud-config availability.
[[0;32m  OK  [0m] Stopped Daily apt download activities.
         Stopping ACPI event daemon...
[[0;32m  OK  [0m] Stopped target Multi-User System.
[[0;32m  OK  [0m] Stopped target Login Prompts.
         Stopping Serial Getty on tt         Stopping LSB: daemon to balance interrupts for SMP systems...
         Stopping FUSE filesystem for LXC...
         Stopping System Logging Service...
         Stopping Deferred execution scheduler...
         Stopping LSB: Record successful boot for GRUB...
         Stopping LSB: Set the CPU Frequency Scaling governor to "ondemand"...
         Stopping LXD - container startup/shutdown...
         Stopping LSB: MD monitoring daemon...
         Stopping Virtualbox guest utils...
         Stopping LSB: automatic crash report generation...
         Stopping A high performance web server and a reverse proxy server...
         Stopping OpenBSD Secure Shell server...
[[0;32m  OK  [0m] Stopped Wait until snapd is fully seeded.
         Stopping D-Bus System Message Bus...
         Stopping Regular background program processing daemon...
         Stopping Getty on tty1...
[[0;32m  OK  [0m] Stopped Ubuntu Advantage update messaging.
[[0;32m  OK  [0m] Stopped target System Time Synchronized.
[[0;32m  OK  [0m] Stopped Daily Cleanup of Temporary Directories.
[[0;32m  OK  [0m] Unmounted /var/lib/lxcfs.
[[0;32m  OK  [0m] Stopped Regular background program processing daemon.
[[0;32m  OK  [0m] Stopped Deferred execution scheduler.
[[0;32m  OK  [0m] Stopped System Logging Service.
[[0;32m  OK  [0m] Stopped Accounts Service.
[[0;32m  OK  [0m] Stopped ACPI event daemon.
[[0;32m  OK  [0m] Stopped Authenticate and Authorize Users to Run Privileged Tasks.
[[0;32m  OK  [0m] Stopped Getty on tty1.
[[0;32m  OK  [0m] Stopped Serial Getty on ttyS0.
[[0;32m  OK  [0m] Stopped OpenBSD Secure Shell server.
[[0;32m  OK  [0m] Stopped User Manager for UID 1000.
[[0;32m  OK  [0m] Stopped Session 3 of user vagrant.
[[0;32m  OK  [0m] Stopped A high performance web server and a reverse proxy server.
[[0;32m  OK  [0m] Stopped D-Bus System Message Bus.
[[0;32m  OK  [0m] Stopped FUSE filesystem for LXC.
[[0;32m  OK  [0m] Stopped LSB: Record successful boot for GRUB.
[[0;32m  OK  [0m] Stopped LSB: Set the CPU Frequency Scaling governor to "ondemand".
[[0;32m  OK  [0m] Stopped LXD - container startup/shutdown.
[[0;32m  OK  [0m] Stopped LSB: daemon to balance interrupts for SMP systems.
[[0;32m  OK  [0m] Stopped LSB: MD monitoring daemon.
[[0;32m  OK  [0m] Removed slice User Slice of vagrant.
         Stopping Login Service...
[[0;32m  OK  [0m] Removed slice system-serial\x2dgetty.slice.
[[0;32m  OK  [0m] Removed slice system-getty.slice.
[[0;32m  OK  [0m] Stopped /etc/rc.local Compatibility.
         Stopping Permit User Sessions...
[[0;32m  OK  [0m] Stopped Virtualbox guest utils.
[[0;32m  OK  [0m] Stopped LSB: automatic crash report generation.
[[0;32m  OK  [0m] Stopped Login Service.
[[0;32m  OK  [0m] Stopped Permit User Sessions.
[[0;32m  OK  [0m] Stopped target User and Group Name Lookups.
[[0;32m  OK  [0m] Stopped target Remote File Systems.
         Unmounting /vagrant...
[[0;32m  OK  [0m] Stopped target Basic System.
[[0;32m  OK  [0m] Stopped target Slices.
[[0;32m  OK  [0m] Removed slice User and Session Slice.
[[0;32m  OK  [0m] Stopped target Paths.
[[0;32m  OK  [0m] Stopped Dispatch Password Requests to Console Directory Watch.
[[0;32m  OK  [0m] Stopped Forward Password Requests to Wall Directory Watch.
[[0;32m  OK  [0m] Stopped ACPI Events Check.
[[0;32m  OK  [0m] Stopped target Sockets.
[[0;32m  OK  [0m] Closed LXD - unix socket.
[[0;32m  OK  [0m] Closed D-Bus System Message Bus Socket.
[[0;32m  OK  [0m] Closed ACPID Listen Socket.
[[0;32m  OK  [0m] Closed Syslog Socket.
[[0;32m  OK  [0m] Closed UUID daemon activation socket.
[[0;32m  OK  [0m] Closed Socket activation for snappy daemon.
[[0;32m  OK  [0m] Stopped target System Initialization.
         Stopping Update UTMP about System Boot/Shutdown...
[[0;32m  OK  [0m] Stopped target Encrypted Volumes.
[[0;32m  OK  [0m] Stopped target Swap.
         Stopping Load/Save Random Seed...
[[0;32m  OK  [0m] Stopped Commit a transient machine-id on disk.
[[0;32m  OK  [0m] Unmounted /vagrant.
[[0;32m  OK  [0m] Stopped Load/Save Random Seed.
[[0;32m  OK  [0m] Stopped target Remote File Systems (Pre).
         Stopping Login to default iSCSI targets...
[[0;32m  OK  [0m] Stopped Update UTMP about System Boot/Shutdown.
[[0;32m  OK  [0m] Stopped Create Volatile Files and Directories.
[[0;32m  OK  [0m] Stopped Login to default iSCSI targets.
         Stopping iSCSI initiator daemon (iscsid)...
[[0;32m  OK  [0m] Stopped iSCSI initiator daemon (iscsid).
[[0;32m  OK  [0m] Stopped target Network is Online.
[[0;32m  OK  [0m] Stopped Initial cloud-init job (metadata service crawler).
[[0;32m  OK  [0m] Stopped target Network.
         Stopping Raise network interfaces...
[[0;32m  OK  [0m] Stopped Raise network interfaces.
[[0;32m  OK  [0m] Stopped target Local File Systems.
         Unmounting /run/user/1000...
[[0;32m  OK  [0m] Stopped target Network (Pre).
[[0;32m  OK  [0m] Stopped Initial cloud-init job (pre-networking).
[[0;32m  OK  [0m] Stopped Apply Kernel Variables.
[[0;32m  OK  [0m] Stopped Load Kernel Modules.
[[0;32m  OK  [0m] Unmounted /run/user/1000.
[[0;32m  OK  [0m] Reached target Unmount All Filesystems.
[[0;32m  OK  [0m] Stopped target Local File Systems (Pre).
[[0;32m  OK  [0m] Stopped Remount Root and Kernel File Systems.
[[0;32m  OK  [0m] Stopped Create Static Device Nodes in /dev.
[[0;32m  OK  [0m] Reached target Shutdown.
[  244.488918] reboot: Power down
